<?xml version="1.0" encoding="UTF-8"?>
<testng-results skipped="0" failed="1" total="1" passed="0">
  <reporter-output>
  </reporter-output>
  <suite name="Default suite" duration-ms="18852" started-at="2020-10-16T05:33:34Z" finished-at="2020-10-16T05:33:53Z">
    <groups>
    </groups>
    <test name="Default test" duration-ms="18852" started-at="2020-10-16T05:33:34Z" finished-at="2020-10-16T05:33:53Z">
      <class name="testngPrac.Testng_WD_Ex">
        <test-method status="PASS" signature="Startup()[pri:0, instance:testngPrac.Testng_WD_Ex@1324409e]" name="Startup" is-config="true" duration-ms="17596" started-at="2020-10-16T11:03:34Z" finished-at="2020-10-16T11:03:52Z">
          <reporter-output>
          </reporter-output>
        </test-method> <!-- Startup -->
        <test-method status="FAIL" signature="login()[pri:0, instance:testngPrac.Testng_WD_Ex@1324409e]" name="login" duration-ms="255" started-at="2020-10-16T11:03:52Z" finished-at="2020-10-16T11:03:52Z">
          <exception class="jxl.read.biff.BiffException">
            <message>
              <![CDATA[Unable to recognize OLE stream]]>
            </message>
            <full-stacktrace>
              <![CDATA[jxl.read.biff.BiffException: Unable to recognize OLE stream
	at jxl.read.biff.CompoundFile.<init>(CompoundFile.java:116)
	at jxl.read.biff.File.<init>(File.java:127)
	at jxl.Workbook.getWorkbook(Workbook.java:268)
	at jxl.Workbook.getWorkbook(Workbook.java:253)
	at testngPrac.Testng_WD_Ex.login(Testng_WD_Ex.java:28)
	at sun.reflect.NativeMethodAccessorImpl.invoke0(Native Method)
	at sun.reflect.NativeMethodAccessorImpl.invoke(Unknown Source)
	at sun.reflect.DelegatingMethodAccessorImpl.invoke(Unknown Source)
	at java.lang.reflect.Method.invoke(Unknown Source)
	at org.testng.internal.MethodInvocationHelper.invokeMethod(MethodInvocationHelper.java:80)
	at org.testng.internal.Invoker.invokeMethod(Invoker.java:714)
	at org.testng.internal.Invoker.invokeTestMethod(Invoker.java:901)
	at org.testng.internal.Invoker.invokeTestMethods(Invoker.java:1231)
	at org.testng.internal.TestMethodWorker.invokeTestMethods(TestMethodWorker.java:127)
	at org.testng.internal.TestMethodWorker.run(TestMethodWorker.java:111)
	at org.testng.TestRunner.privateRun(TestRunner.java:767)
	at org.testng.TestRunner.run(TestRunner.java:617)
	at org.testng.SuiteRunner.runTest(SuiteRunner.java:334)
	at org.testng.SuiteRunner.runSequentially(SuiteRunner.java:329)
	at org.testng.SuiteRunner.privateRun(SuiteRunner.java:291)
	at org.testng.SuiteRunner.run(SuiteRunner.java:240)
	at org.testng.SuiteRunnerWorker.runSuite(SuiteRunnerWorker.java:52)
	at org.testng.SuiteRunnerWorker.run(SuiteRunnerWorker.java:86)
	at org.testng.TestNG.runSuitesSequentially(TestNG.java:1198)
	at org.testng.TestNG.runSuitesLocally(TestNG.java:1123)
	at org.testng.TestNG.run(TestNG.java:1031)
	at org.testng.remote.AbstractRemoteTestNG.run(AbstractRemoteTestNG.java:114)
	at org.testng.remote.RemoteTestNG.initAndRun(RemoteTestNG.java:251)
	at org.testng.remote.RemoteTestNG.main(RemoteTestNG.java:77)
]]>
            </full-stacktrace>
          </exception> <!-- jxl.read.biff.BiffException -->
          <reporter-output>
          </reporter-output>
        </test-method> <!-- login -->
        <test-method status="PASS" signature="teardown()[pri:0, instance:testngPrac.Testng_WD_Ex@1324409e]" name="teardown" is-config="true" duration-ms="967" started-at="2020-10-16T11:03:52Z" finished-at="2020-10-16T11:03:53Z">
          <reporter-output>
          </reporter-output>
        </test-method> <!-- teardown -->
      </class> <!-- testngPrac.Testng_WD_Ex -->
    </test> <!-- Default test -->
  </suite> <!-- Default suite -->
</testng-results>
